<?xml version="1.0" encoding="UTF-8"?>
<!-- Generated by org.testng.reporters.JUnitReportReporter -->
<testsuite hostname="Waqass-MacBook-Pro.local" name="com.test.TestDemo" tests="1" failures="0" timestamp="22 May 2018 19:36:40 GMT" time="6.726" errors="0">
  <testcase name="testNew" time="6.726" classname="com.test.TestDemo"/>
</testsuite> <!-- com.test.TestDemo -->
